<?xml version="1.0" encoding="UTF-8"?>
<testng-results ignored="0" total="1" passed="1" failed="0" skipped="0">
  <reporter-output>
  </reporter-output>
  <suite started-at="2024-08-13T00:38:54 ICT" name="Command line suite" finished-at="2024-08-13T00:39:01 ICT" duration-ms="6734">
    <groups>
    </groups>
    <test started-at="2024-08-13T00:38:54 ICT" name="Command line test" finished-at="2024-08-13T00:39:01 ICT" duration-ms="6734">
      <class name="com.example.scenario_tests.login">
        <test-method is-config="true" signature="beforeTest()[pri:0, instance:com.example.scenario_tests.login@5891e32e]" started-at="2024-08-13T00:38:54 ICT" name="beforeTest" finished-at="2024-08-13T00:38:56 ICT" duration-ms="1895" status="PASS">
          <reporter-output>
          </reporter-output>
        </test-method> <!-- beforeTest -->
        <test-method signature="testCase1()[pri:1, instance:com.example.scenario_tests.login@5891e32e]" started-at="2024-08-13T00:38:56 ICT" name="testCase1" finished-at="2024-08-13T00:39:00 ICT" duration-ms="4207" status="PASS">
          <reporter-output>
          </reporter-output>
        </test-method> <!-- testCase1 -->
        <test-method is-config="true" signature="afterTest()[pri:0, instance:com.example.scenario_tests.login@5891e32e]" started-at="2024-08-13T00:39:00 ICT" name="afterTest" finished-at="2024-08-13T00:39:01 ICT" duration-ms="591" status="PASS">
          <reporter-output>
          </reporter-output>
        </test-method> <!-- afterTest -->
      </class> <!-- com.example.scenario_tests.login -->
    </test> <!-- Command line test -->
  </suite> <!-- Command line suite -->
</testng-results>
